<?xml version="1.0" encoding="UTF-8"?>
<!-- Generated by org.testng.reporters.JUnitXMLReporter -->
<testsuite hostname="DESKTOP-2637JTI" ignored="0" name="Validate User" tests="1" failures="0" timestamp="30 Dec 2019 17:34:43 GMT" time="0.03" errors="0">
  <testcase name="@BeforeSuite checkTestsuit" time="0.236" classname="unicodeTech.TestSuiteA.ChildTestSuiteA">
    <failure type="java.lang.IllegalStateException" message="The path to the driver executable must be set by the webdriver.chrome.driver system property; for more information, see https://github.com/SeleniumHQ/selenium/wiki/ChromeDriver. The latest version can be downloaded from http://chromedriver.storage.googleapis.com/index.html">
      <![CDATA[java.lang.IllegalStateException: The path to the driver executable must be set by the webdriver.chrome.driver system property; for more information, see https://github.com/SeleniumHQ/selenium/wiki/ChromeDriver. The latest version can be downloaded from http://chromedriver.storage.googleapis.com/index.html
	at com.google.common.base.Preconditions.checkState(Preconditions.java:847)
	at org.openqa.selenium.remote.service.DriverService.findExecutable(DriverService.java:134)
	at org.openqa.selenium.chrome.ChromeDriverService.access$000(ChromeDriverService.java:35)
	at org.openqa.selenium.chrome.ChromeDriverService$Builder.findDefaultExecutable(ChromeDriverService.java:159)
	at org.openqa.selenium.remote.service.DriverService$Builder.build(DriverService.java:355)
	at org.openqa.selenium.chrome.ChromeDriverService.createDefaultService(ChromeDriverService.java:94)
	at org.openqa.selenium.chrome.ChromeDriver.<init>(ChromeDriver.java:123)
	at unicodeTech.basePackage.BaseInit.startUP(BaseInit.java:60)
	at unicodeTech.TestSuiteA.ChildTestSuiteA.checkTestsuit(ChildTestSuiteA.java:14)
... Removed 19 stack frames]]>
    </failure>
  </testcase> <!-- @BeforeSuite checkTestsuit -->
  <testcase name="@BeforeTest checkTestCase" time="0.0" classname="unicodeTech.TestSuiteA.ValidateUser">
    <skipped/>
  </testcase> <!-- @BeforeTest checkTestCase -->
  <testcase name="testValidateUser" time="0.0" classname="unicodeTech.TestSuiteA.ValidateUser">
    <skipped/>
  </testcase> <!-- testValidateUser -->
</testsuite> <!-- Validate User -->
