<?xml version="1.0" encoding="UTF-8"?>
<!-- Generated by org.testng.reporters.JUnitXMLReporter -->
<testsuite hostname="DESKTOP-2637JTI" ignored="0" name="SearchProduct" tests="1" failures="0" timestamp="03 Jan 2020 06:58:26 GMT" time="0.016" errors="0">
  <testcase name="@BeforeSuite checkTestsuit" time="0.479" classname="unicodeTech.TestSuiteB.ChildTestSuiteB">
    <failure type="java.lang.IllegalStateException" message="The path to the driver executable must be set by the webdriver.chrome.driver system property; for more information, see https://github.com/SeleniumHQ/selenium/wiki/ChromeDriver. The latest version can be downloaded from http://chromedriver.storage.googleapis.com/index.html">
      <![CDATA[java.lang.IllegalStateException: The path to the driver executable must be set by the webdriver.chrome.driver system property; for more information, see https://github.com/SeleniumHQ/selenium/wiki/ChromeDriver. The latest version can be downloaded from http://chromedriver.storage.googleapis.com/index.html
	at com.google.common.base.Preconditions.checkState(Preconditions.java:847)
	at org.openqa.selenium.remote.service.DriverService.findExecutable(DriverService.java:134)
	at org.openqa.selenium.chrome.ChromeDriverService.access$000(ChromeDriverService.java:35)
	at org.openqa.selenium.chrome.ChromeDriverService$Builder.findDefaultExecutable(ChromeDriverService.java:159)
	at org.openqa.selenium.remote.service.DriverService$Builder.build(DriverService.java:355)
	at org.openqa.selenium.chrome.ChromeDriverService.createDefaultService(ChromeDriverService.java:94)
	at org.openqa.selenium.chrome.ChromeDriver.<init>(ChromeDriver.java:123)
	at unicodeTech.basePackage.BaseInit.startUP(BaseInit.java:61)
	at unicodeTech.TestSuiteB.ChildTestSuiteB.checkTestsuit(ChildTestSuiteB.java:14)
... Removed 19 stack frames]]>
    </failure>
  </testcase> <!-- @BeforeSuite checkTestsuit -->
  <testcase name="@BeforeTest checkTestCase" time="0.0" classname="unicodeTech.TestSuiteB.SearchProduct">
    <skipped/>
  </testcase> <!-- @BeforeTest checkTestCase -->
  <testcase name="testSearchProduct" time="0.0" classname="unicodeTech.TestSuiteB.SearchProduct">
    <skipped/>
  </testcase> <!-- testSearchProduct -->
</testsuite> <!-- SearchProduct -->
